<?xml version="1.0" encoding="UTF-8"?>
<testng-results skipped="0" failed="1" total="1" passed="0">
  <reporter-output>
    <line>
      <![CDATA[App Link:-https://www.surveymonkey.com/]]>
    </line>
    <line>
      <![CDATA[Before Suite Execution Finish]]>
    </line>
    <line>
      <![CDATA[Wed Nov 25 15:53:53 IST 2015]]>
    </line>
    <line>
      <![CDATA[<br> <B>GmailSubjectSearch_1 --- FAILED<br> Element Gmail Home Page was not loaded in specified timeout of 15 seconds kindly refer attached screenshot for more clearification<B>]]>
    </line>
    <line>
      <![CDATA[<br> <a href="D:\ExecutionLog\2015_11_25_03_53\FlowID - GmailSubjectSearch_1.png"><img src="D:\ExecutionLog\2015_11_25_03_53\FlowID - GmailSubjectSearch_1.png" alt="ScreenShot Not Available" height="400" width="400"> </a>]]>
    </line>
    <line>
      <![CDATA[<br> <B> Execution End Time : 2015-11-25 15:54:13.824<B>]]>
    </line>
    <line>
      <![CDATA[After Suite Execution Finish]]>
    </line>
  </reporter-output>
  <suite name="Test Suite" duration-ms="25661" started-at="2015-11-25T10:23:49Z" finished-at="2015-11-25T10:24:15Z">
    <groups>
      <group name="Regression">
        <method signature="TrialClass.testExecution(com.pstc.project.models.data.TestMap)[pri:0, instance:com.pstc.project.tests.TrialClass@1325659a]" name="testExecution" class="com.pstc.project.tests.TrialClass"/>
      </group> <!-- Regression -->
      <group name="LoginSurveyMonkey">
        <method signature="TrialClass.testExecution(com.pstc.project.models.data.TestMap)[pri:0, instance:com.pstc.project.tests.TrialClass@1325659a]" name="testExecution" class="com.pstc.project.tests.TrialClass"/>
      </group> <!-- LoginSurveyMonkey -->
    </groups>
    <test name="Test1" duration-ms="25661" started-at="2015-11-25T10:23:49Z" finished-at="2015-11-25T10:24:15Z">
      <class name="com.pstc.project.tests.TrialClass">
        <test-method status="PASS" signature="TrialClass1(java.lang.String, java.lang.String, java.lang.String)[pri:0, instance:com.pstc.project.tests.TrialClass@1325659a]" name="TrialClass1" is-config="true" duration-ms="2" started-at="2015-11-25T15:53:49Z" finished-at="2015-11-25T15:53:49Z">
          <params>
            <param index="0">
              <value>
                <![CDATA[chrome]]>
              </value>
            </param>
            <param index="1">
              <value>
                <![CDATA[]]>
              </value>
            </param>
            <param index="2">
              <value>
                <![CDATA[windows]]>
              </value>
            </param>
          </params>
          <reporter-output>
          </reporter-output>
        </test-method> <!-- TrialClass1 -->
        <test-method status="FAIL" signature="testExecution(com.pstc.project.models.data.TestMap)[pri:0, instance:com.pstc.project.tests.TrialClass@1325659a]" name="testExecution" duration-ms="25414" started-at="2015-11-25T15:53:50Z" data-provider="GmailSubjectSearch_DP" finished-at="2015-11-25T15:54:15Z">
          <params>
            <param index="0">
              <value>
                <![CDATA[com.pstc.project.models.data.TestMap@5c171dba]]>
              </value>
            </param>
          </params>
          <exception class="com.pstc.framework.exception.ElementNotLoadedInSpecifiedTimeException">
            <message>
              <![CDATA[Element Gmail Home Page was not loaded in specified timeout of 15 seconds kindly refer attached screenshot for more clearification]]>
            </message>
            <full-stacktrace>
              <![CDATA[com.pstc.framework.exception.ElementNotLoadedInSpecifiedTimeException: Element Gmail Home Page was not loaded in specified timeout of 15 seconds kindly refer attached screenshot for more clearification
	at com.pstc.framework.utilities.Page.waitForPageElement(Page.java:131)
	at com.pstc.project.models.page.GmailHomePage.waitForGmailHomePageToLoad(GmailHomePage.java:28)
	at com.pstc.project.models.page.GmailHomePage.getGmailHomePageInstance(GmailHomePage.java:22)
	at com.pstc.project.tests.TrialClass.testExecution(TrialClass.java:63)
	at sun.reflect.NativeMethodAccessorImpl.invoke0(Native Method)
	at sun.reflect.NativeMethodAccessorImpl.invoke(NativeMethodAccessorImpl.java:57)
	at sun.reflect.DelegatingMethodAccessorImpl.invoke(DelegatingMethodAccessorImpl.java:43)
	at java.lang.reflect.Method.invoke(Method.java:606)
	at org.testng.internal.MethodInvocationHelper.invokeMethod(MethodInvocationHelper.java:84)
	at org.testng.internal.Invoker.invokeMethod(Invoker.java:714)
	at org.testng.internal.Invoker.invokeTestMethod(Invoker.java:901)
	at org.testng.internal.TestMethodWithDataProviderMethodWorker.call(TestMethodWithDataProviderMethodWorker.java:73)
	at org.testng.internal.TestMethodWithDataProviderMethodWorker.call(TestMethodWithDataProviderMethodWorker.java:14)
	at java.util.concurrent.FutureTask.run(FutureTask.java:262)
	at java.util.concurrent.Executors$RunnableAdapter.call(Executors.java:471)
	at java.util.concurrent.FutureTask.run(FutureTask.java:262)
	at java.util.concurrent.ThreadPoolExecutor.runWorker(ThreadPoolExecutor.java:1145)
	at java.util.concurrent.ThreadPoolExecutor$Worker.run(ThreadPoolExecutor.java:615)
	at java.lang.Thread.run(Thread.java:744)
Caused by: org.openqa.selenium.TimeoutException: Timed out after 15 seconds waiting for com.pstc.framework.utilities.WebDriverWrapper$2@84fc04d
Build info: version: '2.48.2', revision: '41bccdd10cf2c0560f637404c2d96164b67d9d67', time: '2015-10-09 13:08:06'
System info: host: 'D1ML14458', ip: '192.168.8.101', os.name: 'Windows 8', os.arch: 'amd64', os.version: '6.2', java.version: '1.7.0_45'
Session ID: 08ae2e74-b1f1-4249-808b-5a244784da92
Driver info: org.openqa.selenium.remote.RemoteWebDriver
Capabilities [{platform=WIN8, acceptSslCerts=true, javascriptEnabled=true, browserName=chrome, chrome={userDataDir=C:\Users\m1022828\AppData\Local\Temp\scoped_dir5956_28445}, rotatable=false, locationContextEnabled=true, mobileEmulationEnabled=false, webdriver.remote.sessionid=08ae2e74-b1f1-4249-808b-5a244784da92, version=46.0.2490.86, takesHeapSnapshot=true, cssSelectorsEnabled=true, databaseEnabled=false, handlesAlerts=true, browserConnectionEnabled=false, webStorageEnabled=true, nativeEvents=true, hasTouchScreen=false, applicationCacheEnabled=false, takesScreenshot=true}]
	at org.openqa.selenium.support.ui.WebDriverWait.timeoutException(WebDriverWait.java:80)
	at org.openqa.selenium.support.ui.FluentWait.until(FluentWait.java:261)
	at com.pstc.framework.utilities.WebDriverWrapper.waitForElementToBeDisplayed(WebDriverWrapper.java:135)
	at com.pstc.framework.utilities.Page.waitForPageElement(Page.java:123)
	... 18 more
]]>
            </full-stacktrace>
          </exception> <!-- com.pstc.framework.exception.ElementNotLoadedInSpecifiedTimeException -->
          <reporter-output>
            <line>
              <![CDATA[Wed Nov 25 15:53:53 IST 2015]]>
            </line>
            <line>
              <![CDATA[<br> <B>GmailSubjectSearch_1 --- FAILED<br> Element Gmail Home Page was not loaded in specified timeout of 15 seconds kindly refer attached screenshot for more clearification<B>]]>
            </line>
            <line>
              <![CDATA[<br> <a href="D:\ExecutionLog\2015_11_25_03_53\FlowID - GmailSubjectSearch_1.png"><img src="D:\ExecutionLog\2015_11_25_03_53\FlowID - GmailSubjectSearch_1.png" alt="ScreenShot Not Available" height="400" width="400"> </a>]]>
            </line>
            <line>
              <![CDATA[<br> <B> Execution End Time : 2015-11-25 15:54:13.824<B>]]>
            </line>
          </reporter-output>
        </test-method> <!-- testExecution -->
      </class> <!-- com.pstc.project.tests.TrialClass -->
      <class name="com.pstc.framework.FrameworkSetupSuiteLevel">
        <test-method status="PASS" signature="BeforeSuite()[pri:0, instance:com.pstc.framework.FrameworkSetupSuiteLevel@455abe01]" name="BeforeSuite" is-config="true" duration-ms="1664" started-at="2015-11-25T15:53:48Z" finished-at="2015-11-25T15:53:49Z">
          <reporter-output>
            <line>
              <![CDATA[App Link:-https://www.surveymonkey.com/]]>
            </line>
            <line>
              <![CDATA[Before Suite Execution Finish]]>
            </line>
          </reporter-output>
        </test-method> <!-- BeforeSuite -->
        <test-method status="PASS" signature="AfterSuite()[pri:0, instance:com.pstc.framework.FrameworkSetupSuiteLevel@455abe01]" name="AfterSuite" is-config="true" duration-ms="0" started-at="2015-11-25T15:54:15Z" finished-at="2015-11-25T15:54:15Z">
          <reporter-output>
            <line>
              <![CDATA[After Suite Execution Finish]]>
            </line>
          </reporter-output>
        </test-method> <!-- AfterSuite -->
      </class> <!-- com.pstc.framework.FrameworkSetupSuiteLevel -->
    </test> <!-- Test1 -->
  </suite> <!-- Test Suite -->
</testng-results>
